[2026-05-12T02:30:47.801Z] GET https://tech.sskplay.com/ → pending (?ms, ?B)
[2026-05-12T02:30:48.335Z] GET https://tech.sskplay.com/assets/css/crt.css → 200 (484ms, ?B)
[2026-05-12T02:30:48.335Z] GET https://tech.sskplay.com/assets/js/crt-toggle.js → pending (?ms, ?B)
[2026-05-12T02:30:48.993Z] GET https://tech.sskplay.com/bump-version.html → 200 (272ms, 17310B)
[2026-05-12T02:30:49.285Z] GET https://tech.sskplay.com/assets/css/crt.css → 200 (1ms, 4750B)
[2026-05-12T02:30:49.286Z] GET https://tech.sskplay.com/assets/js/crt-toggle.js → 200 (?ms, 484B)
[2026-05-12T02:31:10.799Z] GET https://tech.sskplay.com/ → 200 (1ms, 2033B)
[2026-05-12T02:31:10.803Z] GET https://tech.sskplay.com/assets/css/crt.css → 200 (?ms, 4750B)
[2026-05-12T02:31:10.803Z] GET https://tech.sskplay.com/assets/js/crt-toggle.js → 200 (?ms, 484B)
[2026-05-12T02:33:49.225Z] GET https://tech.sskplay.com/ → 200 (?ms, 2033B)
[2026-05-12T02:33:49.227Z] GET https://tech.sskplay.com/assets/css/crt.css → 200 (?ms, 4750B)
[2026-05-12T02:33:49.228Z] GET https://tech.sskplay.com/assets/js/crt-toggle.js → 200 (?ms, 484B)
[2026-05-12T02:34:19.658Z] GET https://tech.sskplay.com/?1778553259 → 200 (238ms, 1192B)
[2026-05-12T02:34:19.899Z] GET https://tech.sskplay.com/assets/css/crt.css → 200 (?ms, 4750B)
[2026-05-12T02:34:19.899Z] GET https://tech.sskplay.com/assets/js/crt-toggle.js → 200 (?ms, 484B)
[2026-05-12T02:40:44.725Z] GET https://tech.sskplay.com/?1778553644 → 200 (289ms, 1234B)
[2026-05-12T02:40:45.017Z] GET https://tech.sskplay.com/assets/css/crt.css → 200 (1ms, 4750B)
[2026-05-12T02:40:45.018Z] GET https://tech.sskplay.com/assets/js/crt-toggle.js → 200 (1ms, 484B)
[2026-05-12T02:40:45.134Z] GET https://tech.sskplay.com/%EB%A7%A5-%ED%99%88%EB%B8%8C%EB%A3%A8-%EB%B0%B0%ED%8F%AC.html → 200 (308ms, 18006B)
[2026-05-12T02:40:45.445Z] GET https://tech.sskplay.com/assets/css/crt.css → 200 (?ms, 4750B)
[2026-05-12T02:40:45.446Z] GET https://tech.sskplay.com/assets/js/crt-toggle.js → 200 (?ms, 484B)
[2026-05-12T02:44:13.836Z] GET https://tech.sskplay.com/?1778553853 → 200 (528ms, 1176B)
[2026-05-12T02:44:14.368Z] GET https://tech.sskplay.com/assets/css/crt.css → 200 (281ms, ?B)
[2026-05-12T02:44:14.368Z] GET https://tech.sskplay.com/assets/js/crt-toggle.js → 200 (269ms, 484B)
[2026-05-12T02:47:52.127Z] GET https://tech.sskplay.com/?1778554071 → 200 (306ms, 1230B)
[2026-05-12T02:47:52.438Z] GET https://tech.sskplay.com/assets/css/crt.css → 200 (?ms, 4750B)
[2026-05-12T02:47:52.438Z] GET https://tech.sskplay.com/assets/js/crt-toggle.js → 200 (1ms, 484B)
[2026-05-12T02:48:03.886Z] GET https://tech.sskplay.com/bump-version/?1778554083 → pending (?ms, ?B)
[2026-05-12T02:48:04.314Z] GET https://tech.sskplay.com/assets/css/crt.css → 200 (?ms, 4750B)
[2026-05-12T02:48:04.315Z] GET https://tech.sskplay.com/assets/js/crt-toggle.js → 200 (?ms, 484B)
